\BOOKMARK [1][-]{section.1}{Pendahuluan}{}% 1
\BOOKMARK [2][-]{subsection.1.1}{Latar Belakang}{section.1}% 2
\BOOKMARK [2][-]{subsection.1.2}{Perumusan Masalah}{section.1}% 3
\BOOKMARK [2][-]{subsection.1.3}{Tujuan}{section.1}% 4
\BOOKMARK [2][-]{subsection.1.4}{Batasan Masalah}{section.1}% 5
\BOOKMARK [2][-]{subsection.1.5}{Manfaat}{section.1}% 6
\BOOKMARK [1][-]{section.2}{Metodologi Penelitian}{}% 7
\BOOKMARK [2][-]{subsection.2.1}{Alat dan Bahan}{section.2}% 8
\BOOKMARK [2][-]{subsection.2.2}{Penentuan Tuntutan Rancangan}{section.2}% 9
\BOOKMARK [2][-]{subsection.2.3}{Pengambilan Data Simulasi IES-VE}{section.2}% 10
\BOOKMARK [3][-]{subsubsection.2.3.1}{Kondisi Climate Chamber}{subsection.2.3}% 11
\BOOKMARK [3][-]{subsubsection.2.3.2}{Rancangan Skenario Pengambilan Data}{subsection.2.3}% 12
\BOOKMARK [2][-]{subsection.2.4}{Model JST Plant}{section.2}% 13
\BOOKMARK [2][-]{subsection.2.5}{Perancangan Kontroler JST}{section.2}% 14
\BOOKMARK [1][-]{section.3}{Hasil dan Pembahasan}{}% 15
\BOOKMARK [2][-]{subsection.3.1}{Pengambilan Data Simulasi IES-VE}{section.3}% 16
\BOOKMARK [2][-]{subsection.3.2}{Identifikasi Sistem Pengendalian}{section.3}% 17
\BOOKMARK [2][-]{subsection.3.3}{Rancangan Kontroler JST}{section.3}% 18
\BOOKMARK [3][-]{subsubsection.3.3.1}{Variasi Pembagiaan Data}{subsection.3.3}% 19
\BOOKMARK [3][-]{subsubsection.3.3.2}{Variasi Arsitektur JST Kontroler}{subsection.3.3}% 20
\BOOKMARK [3][-]{subsubsection.3.3.3}{Hasil Rancangan Model JST Kontroler}{subsection.3.3}% 21
\BOOKMARK [2][-]{subsection.3.4}{Hasil Simulasi Kontrol SIMULINK}{section.3}% 22
\BOOKMARK [3][-]{subsubsection.3.4.1}{Skenario Pemanasan Pendinginan dengan Variabel Gangguan Konstan}{subsection.3.4}% 23
\BOOKMARK [3][-]{subsubsection.3.4.2}{Skenario Pemanasan Pendinginan dengan Variabel Gangguan Bergerak}{subsection.3.4}% 24
\BOOKMARK [2][-]{subsection.3.5}{Analisis Kegagalan Kendali}{section.3}% 25
\BOOKMARK [1][-]{section.4}{Kesimpulan}{}% 26
\BOOKMARK [1][-]{section.5}{Saran}{}% 27
