This is pdfTeX, Version 3.14159265-2.6-1.40.16 (TeX Live 2015) (preloaded format=pdflatex 2015.12.16)  16 APR 2016 08:09
entering extended mode
 restricted \write18 enabled.
 file:line:error style messages enabled.
 %&-line parsing enabled.
**skripsijtf.cls
(./skripsijtf.cls
LaTeX2e <2015/01/01>
Babel <3.9l> and hyphenation patterns for 79 languages loaded.

LaTeX Warning: You have requested package `',
               but the package provides `skripsijtf'.

Package: skripsijtf 2009/05/24 v1.0 The Engineering Physics Department UGM Skri
psi Class
(/usr/local/texlive/2015/texmf-dist/tex/generic/babel/babel.sty
Package: babel 2014/09/25 3.9l The Babel package

/usr/local/texlive/2015/texmf-dist/tex/generic/babel/babel.sty:290: Missing \en
dcsname inserted.
<to be read again> 
                   \@classoptionslist 
l.290     \@empty}
                  
? 
/usr/local/texlive/2015/texmf-dist/tex/generic/babel/babel.sty:290: Emergency s
top.
<to be read again> 
                   \@classoptionslist 
l.290     \@empty}
                  
End of file on the terminal!

 
Here is how much of TeX's memory you used:
 91 strings out of 493089
 1294 string characters out of 6134841
 53199 words of memory out of 5000000
 3670 multiletter control sequences out of 15000+600000
 3640 words of font info for 14 fonts, out of 8000000 for 9000
 1141 hyphenation exceptions out of 8191
 16i,0n,17p,131b,19s stack positions out of 5000i,500n,10000p,200000b,80000s
/usr/local/texlive/2015/texmf-dist/tex/generic/babel/babel.sty:290:  ==> Fatal 
error occurred, no output PDF file produced!
