This is pdfTeX, Version 3.14159265-2.6-1.40.21 (MiKTeX 20.7) (preloaded format=pdflatex 2020.8.26)  10 SEP 2020 13:01
entering extended mode
**./skripsi.tex
(skripsi.tex
LaTeX2e <2020-02-02> patch level 5
L3 programming layer <2020-06-18> (skripsidtntf.cls
Document Class: skripsidtntf 2018/11/20 v2.1 The Department of Nuclear Engineer
ing and Engineering Physics UGM Skripsi Class
("C:\Program Files\MiKTeX\tex/generic/babel\babel.sty"
Package: babel 2020/06/10 3.45 The Babel package

("C:\Program Files\MiKTeX\tex/generic/babel\babel.def"
File: babel.def 2020/06/10 3.45 Babel common definitions
\babel@savecnt=\count167
\U@D=\dimen134
\l@babelnohyphens=\language79

("C:\Program Files\MiKTeX\tex/generic/babel\txtbabel.def")
\bbl@readstream=\read2
)
\bbl@dirlevel=\count168

*************************************
* Local config file bblopts.cfg used
*
("C:\Program Files\MiKTeX\tex/latex/arabi\bblopts.cfg"
File: bblopts.cfg 2005/09/08 v0.1 add Arabic and Farsi to "declared" options of
 babel
)
("C:\Program Files\MiKTeX\tex/latex/babel-indonesian\bahasa.ldf"
Language: bahasa 2017/02/15 v1.0m Bahasa Indonesia support from the babel syste
m

("C:\Program Files\MiKTeX\tex/latex/babel-indonesian\indonesian.ldf"
Language: indonesian 2017/02/15 v1.0m Bahasa Indonesia support from the babel s
ystem
)))
("C:\Program Files\MiKTeX\tex/latex/tools\indentfirst.sty"
Package: indentfirst 1995/11/23 v1.03 Indent first paragraph (DPC)
)
("C:\Program Files\MiKTeX\tex/latex/setspace\setspace.sty"
Package: setspace 2011/12/19 v6.7a set line spacing
)
("C:\Program Files\MiKTeX\tex/latex/base\fontenc.sty"
Package: fontenc 2020/02/11 v2.0o Standard LaTeX package
)
("C:\Program Files\MiKTeX\tex/latex/psnfss\times.sty"
Package: times 2020/03/25 PSNFSS-v9.3 (SPQR) 
)
("C:\Program Files\MiKTeX\tex/latex/graphics\graphicx.sty"
Package: graphicx 2019/11/30 v1.2a Enhanced LaTeX Graphics (DPC,SPQR)

("C:\Program Files\MiKTeX\tex/latex/graphics\keyval.sty"
Package: keyval 2014/10/28 v1.15 key=value parser (DPC)
\KV@toks@=\toks15
)
("C:\Program Files\MiKTeX\tex/latex/graphics\graphics.sty"
Package: graphics 2019/11/30 v1.4a Standard LaTeX Graphics (DPC,SPQR)

("C:\Program Files\MiKTeX\tex/latex/graphics\trig.sty"
Package: trig 2016/01/03 v1.10 sin cos tan (DPC)
)
("C:\Program Files\MiKTeX\tex/latex/graphics-cfg\graphics.cfg"
File: graphics.cfg 2016/06/04 v1.11 sample graphics configuration
)
Package graphics Info: Driver file: pdftex.def on input line 105.

("C:\Program Files\MiKTeX\tex/latex/graphics-def\pdftex.def"
File: pdftex.def 2018/01/08 v1.0l Graphics/color driver for pdftex
))
\Gin@req@height=\dimen135
\Gin@req@width=\dimen136
)
("C:\Program Files\MiKTeX\tex/latex/base\latexsym.sty"
Package: latexsym 1998/08/17 v2.2e Standard LaTeX package (lasy symbols)
\symlasy=\mathgroup4
LaTeX Font Info:    Overwriting symbol font `lasy' in version `bold'
(Font)                  U/lasy/m/n --> U/lasy/b/n on input line 52.
)
("C:\Program Files\MiKTeX\tex/latex/supertabular\supertabular.sty"
Package: supertabular 2020/02/02 v4.1g the supertabular environment
\c@tracingst=\count169
\ST@wd=\dimen137
\ST@rightskip=\skip47
\ST@leftskip=\skip48
\ST@parfillskip=\skip49
\ST@pageleft=\dimen138
\ST@headht=\dimen139
\ST@tailht=\dimen140
\ST@pagesofar=\dimen141
\ST@pboxht=\dimen142
\ST@lineht=\dimen143
\ST@prevht=\dimen144
\ST@toadd=\dimen145
\ST@dimen=\dimen146
\ST@pbox=\box45
)
("C:\Program Files\MiKTeX\tex/latex/multirow\multirow.sty"
Package: multirow 2019/05/31 v2.5 Span multiple rows of a table
\multirow@colwidth=\skip50
\multirow@cntb=\count170
\multirow@dima=\skip51
\bigstrutjot=\dimen147
)
("C:\Program Files\MiKTeX\tex/latex/graphics\rotating.sty"
Package: rotating 2016/08/11 v2.16d rotated objects in LaTeX

("C:\Program Files\MiKTeX\tex/latex/base\ifthen.sty"
Package: ifthen 2014/09/29 v1.1c Standard LaTeX ifthen package (DPC)
)
\c@r@tfl@t=\count171
\rotFPtop=\skip52
\rotFPbot=\skip53
\rot@float@box=\box46
\rot@mess@toks=\toks16
)
("C:\Program Files\MiKTeX\tex/latex/base\report.cls"
Document Class: report 2019/12/20 v1.4l Standard LaTeX document class
("C:\Program Files\MiKTeX\tex/latex/base\size12.clo"
File: size12.clo 2019/12/20 v1.4l Standard LaTeX file (size option)
)
\c@part=\count172
\c@chapter=\count173
\c@section=\count174
\c@subsection=\count175
\c@subsubsection=\count176
\c@paragraph=\count177
\c@subparagraph=\count178
\c@figure=\count179
\c@table=\count180
\abovecaptionskip=\skip54
\belowcaptionskip=\skip55
\bibindent=\dimen148
)
("C:\Program Files\MiKTeX\tex/latex/appendix\appendix.sty"
Package: appendix 2020/02/08 v1.2c extra appendix facilities
\c@@pps=\count181
\c@@ppsavesec=\count182
\c@@ppsaveapp=\count183
)
("C:\Program Files\MiKTeX\tex/latex/nomencl\nomencl.sty"
Package: nomencl 2020/03/01 v5.4 Nomenclature package

("C:\Program Files\MiKTeX\tex/latex/xkeyval\xkeyval.sty"
Package: xkeyval 2014/12/03 v2.7a package option processing (HA)

("C:\Program Files\MiKTeX\tex/generic/xkeyval\xkeyval.tex"
("C:\Program Files\MiKTeX\tex/generic/xkeyval\xkvutils.tex"
\XKV@toks=\toks17
\XKV@tempa@toks=\toks18
)
\XKV@depth=\count184
File: xkeyval.tex 2014/12/03 v2.7a key=value parser (HA)
))
("C:\Program Files\MiKTeX\tex/latex/koma-script\tocbasic.sty"
Package: tocbasic 2020/07/22 v3.31 KOMA-Script package (handling toc-files)

("C:\Program Files\MiKTeX\tex/latex/koma-script\scrbase.sty"
Package: scrbase 2020/07/22 v3.31 KOMA-Script package (KOMA-Script-independent 
basics and keyval usage)

("C:\Program Files\MiKTeX\tex/latex/koma-script\scrlfile.sty"
Package: scrlfile 2020/07/22 v3.31 KOMA-Script package (loading files)
))
\scr@dte@tocline@numberwidth=\skip56
\scr@dte@tocline@numbox=\box47
)
Package tocbasic Info: setting babel extension for `nlo' on input line 179.
Package tocbasic Info: setting babel extension for `nls' on input line 180.
\nomlabelwidth=\dimen149
\nom@tempdim=\dimen150
\nomitemsep=\skip57
)
\@nomenclaturefile=\write3
\openout3 = `skripsi.nlo'.

Package nomencl Info: Writing nomenclature file skripsi.nlo on input line 85.

("C:\Program Files\MiKTeX\tex/latex/tocloft\tocloft.sty"
Package: tocloft 2017/08/31 v2.3i parameterised ToC, etc., typesetting
Package tocloft Info: The document has chapter divisions on input line 51.
\cftparskip=\skip58
\cftbeforetoctitleskip=\skip59
\cftaftertoctitleskip=\skip60
\cftbeforepartskip=\skip61
\cftpartnumwidth=\skip62
\cftpartindent=\skip63
\cftbeforechapskip=\skip64
\cftchapindent=\skip65
\cftchapnumwidth=\skip66
\cftbeforesecskip=\skip67
\cftsecindent=\skip68
\cftsecnumwidth=\skip69
\cftbeforesubsecskip=\skip70
\cftsubsecindent=\skip71
\cftsubsecnumwidth=\skip72
\cftbeforesubsubsecskip=\skip73
\cftsubsubsecindent=\skip74
\cftsubsubsecnumwidth=\skip75
\cftbeforeparaskip=\skip76
\cftparaindent=\skip77
\cftparanumwidth=\skip78
\cftbeforesubparaskip=\skip79
\cftsubparaindent=\skip80
\cftsubparanumwidth=\skip81
\cftbeforeloftitleskip=\skip82
\cftafterloftitleskip=\skip83
\cftbeforefigskip=\skip84
\cftfigindent=\skip85
\cftfignumwidth=\skip86
\cftbeforelottitleskip=\skip87
\cftafterlottitleskip=\skip88
\cftbeforetabskip=\skip89
\cfttabindent=\skip90
\cfttabnumwidth=\skip91
\cftbeforesubfigskip=\skip92
\cftsubfigindent=\skip93
\cftsubfignumwidth=\skip94
\cftbeforesubtabskip=\skip95
\cftsubtabindent=\skip96
\cftsubtabnumwidth=\skip97
)
\lebar=\skip98

("C:\Program Files\MiKTeX\tex/latex/enumitem\enumitem.sty"
Package: enumitem 2019/06/20 v3.9 Customized lists
\labelindent=\skip99
\enit@outerparindent=\dimen151
\enit@toks=\toks19
\enit@inbox=\box48
\enit@count@id=\count185
\enitdp@description=\count186
)
("C:\Program Files\MiKTeX\tex/latex/caption\caption.sty"
Package: caption 2020/05/30 v3.4k Customizing captions (AR)

("C:\Program Files\MiKTeX\tex/latex/caption\caption3.sty"
Package: caption3 2020/07/20 v1.12b caption3 kernel (AR)
Package caption3 Info: TeX engine: e-TeX on input line 61.
\captionmargin=\dimen152
\captionmargin@=\dimen153
\captionwidth=\dimen154
\caption@tempdima=\dimen155
\caption@indent=\dimen156
\caption@parindent=\dimen157
\caption@hangindent=\dimen158
Package caption Info: Standard document class detected.
)
\c@caption@flags=\count187
\c@continuedfloat=\count188
Package caption Info: rotating package is loaded.
Package caption Info: supertabular package is loaded.
)
("C:\Program Files\MiKTeX\tex/latex/graphics\color.sty"
Package: color 2019/11/23 v1.2a Standard LaTeX Color (DPC)

("C:\Program Files\MiKTeX\tex/latex/graphics-cfg\color.cfg"
File: color.cfg 2016/01/02 v1.6 sample color configuration
)
Package color Info: Driver file: pdftex.def on input line 147.
)
("C:\Program Files\MiKTeX\tex/latex/listings\listings.sty"
\lst@mode=\count189
\lst@gtempboxa=\box49
\lst@token=\toks20
\lst@length=\count190
\lst@currlwidth=\dimen159
\lst@column=\count191
\lst@pos=\count192
\lst@lostspace=\dimen160
\lst@width=\dimen161
\lst@newlines=\count193
\lst@lineno=\count194
\lst@maxwidth=\dimen162

("C:\Program Files\MiKTeX\tex/latex/listings\lstmisc.sty"
File: lstmisc.sty 2020/03/24 1.8d (Carsten Heinz)
\c@lstnumber=\count195
\lst@skipnumbers=\count196
\lst@framebox=\box50
)
("C:\Program Files\MiKTeX\tex/latex/listings\listings.cfg"
File: listings.cfg 2020/03/24 1.8d listings configuration
))
Package: listings 2020/03/24 1.8d (Carsten Heinz)

("C:\Program Files\MiKTeX\tex/latex/subfigure\subfigure.sty"
Package: subfigure 2002/07/30 v2.1.4 subfigure package
\subfigtopskip=\skip100
\subfigcapskip=\skip101
\subfigcaptopadj=\dimen163
\subfigbottomskip=\skip102
\subfigcapmargin=\dimen164
\subfiglabelskip=\skip103
\c@subfigure=\count197
\c@lofdepth=\count198
\c@subtable=\count199
\c@lotdepth=\count266

****************************************
* Local config file subfigure.cfg used *
****************************************
("C:\Program Files\MiKTeX\tex/latex/subfigure\subfigure.cfg")
\subfig@top=\skip104
\subfig@bottom=\skip105
)
("C:\Program Files\MiKTeX\tex/latex/url\url.sty"
\Urlmuskip=\muskip16
Package: url 2013/09/16  ver 3.4  Verb mode for urls, etc.
)) (packages.tex
("C:\Program Files\MiKTeX\tex/latex/amsmath\amsmath.sty"
Package: amsmath 2020/01/20 v2.17e AMS math features
\@mathmargin=\skip106

For additional information on amsmath, use the `?' option.
("C:\Program Files\MiKTeX\tex/latex/amsmath\amstext.sty"
Package: amstext 2000/06/29 v2.01 AMS text

("C:\Program Files\MiKTeX\tex/latex/amsmath\amsgen.sty"
File: amsgen.sty 1999/11/30 v2.0 generic functions
\@emptytoks=\toks21
\ex@=\dimen165
))
("C:\Program Files\MiKTeX\tex/latex/amsmath\amsbsy.sty"
Package: amsbsy 1999/11/29 v1.2d Bold Symbols
\pmbraise@=\dimen166
)
("C:\Program Files\MiKTeX\tex/latex/amsmath\amsopn.sty"
Package: amsopn 2016/03/08 v2.02 operator names
)
\inf@bad=\count267
LaTeX Info: Redefining \frac on input line 227.
\uproot@=\count268
\leftroot@=\count269
LaTeX Info: Redefining \overline on input line 389.
\classnum@=\count270
\DOTSCASE@=\count271
LaTeX Info: Redefining \ldots on input line 486.
LaTeX Info: Redefining \dots on input line 489.
LaTeX Info: Redefining \cdots on input line 610.
\Mathstrutbox@=\box51
\strutbox@=\box52
\big@size=\dimen167
LaTeX Font Info:    Redeclaring font encoding OML on input line 733.
LaTeX Font Info:    Redeclaring font encoding OMS on input line 734.
\macc@depth=\count272
\c@MaxMatrixCols=\count273
\dotsspace@=\muskip17
\c@parentequation=\count274
\dspbrk@lvl=\count275
\tag@help=\toks22
\row@=\count276
\column@=\count277
\maxfields@=\count278
\andhelp@=\toks23
\eqnshift@=\dimen168
\alignsep@=\dimen169
\tagshift@=\dimen170
\tagwidth@=\dimen171
\totwidth@=\dimen172
\lineht@=\dimen173
\@envbody=\toks24
\multlinegap=\skip107
\multlinetaggap=\skip108
\mathdisplay@stack=\toks25
LaTeX Info: Redefining \[ on input line 2859.
LaTeX Info: Redefining \] on input line 2860.
)
("C:\Program Files\MiKTeX\tex/latex/amsfonts\amssymb.sty"
Package: amssymb 2013/01/14 v3.01 AMS font symbols

("C:\Program Files\MiKTeX\tex/latex/amsfonts\amsfonts.sty"
Package: amsfonts 2013/01/14 v3.01 Basic AMSFonts support
\symAMSa=\mathgroup5
\symAMSb=\mathgroup6
LaTeX Font Info:    Redeclaring math symbol \hbar on input line 98.
LaTeX Font Info:    Overwriting math alphabet `\mathfrak' in version `bold'
(Font)                  U/euf/m/n --> U/euf/b/n on input line 106.
))
("C:\Program Files\MiKTeX\tex/latex/amsmath\amscd.sty"
Package: amscd 2017/04/14 v2.1 AMS Commutative Diagrams
\athelp@=\toks26
\minaw@=\dimen174
\bigaw@=\dimen175
\minCDarrowwidth=\dimen176
)
("C:\Program Files\MiKTeX\tex/latex/lipsum\lipsum.sty"
("C:\Program Files\MiKTeX\tex/latex/l3kernel\expl3.sty"
Package: expl3 2020-06-18 L3 programming layer (loader) 

("C:\Program Files\MiKTeX\tex/latex/l3backend\l3backend-pdfmode.def"
File: l3backend-pdfmode.def 2020-06-29 L3 backend support: PDF mode
\l__kernel_color_stack_int=\count279
\l__pdf_internal_box=\box53
))
("C:\Program Files\MiKTeX\tex/latex/l3packages/xparse\xparse.sty"
Package: xparse 2020-05-15 L3 Experimental document command parser

("C:\Program Files\MiKTeX\tex/latex/l3packages/xparse\xparse-generic.tex"
\l__xparse_current_arg_int=\count280
\g__xparse_grabber_int=\count281
\l__xparse_m_args_int=\count282
\l__xparse_v_nesting_int=\count283
))
Package: lipsum 2019/01/02 v2.2 150 paragraphs of Lorem Ipsum dummy text

("C:\Program Files\MiKTeX\tex/latex/lipsum\lipsum.ltd.tex"
File: lipsum.ltd.tex 2019/01/02 v2.2 The Lorem ipsum dummy text
))
("C:\Program Files\MiKTeX\tex/latex/placeins\placeins.sty"
Package: placeins 2005/04/18  v 2.2
)
("C:\Program Files\MiKTeX\tex/latex/pdflscape\pdflscape.sty"
Package: pdflscape 2019/12/05 v0.12 Display of landscape pages in PDF (HO)

("C:\Program Files\MiKTeX\tex/generic/iftex\iftex.sty"
Package: iftex 2020/03/06 v1.0d TeX engine tests
)
("C:\Program Files\MiKTeX\tex/latex/graphics\lscape.sty"
Package: lscape 2000/10/22 v3.01 Landscape Pages (DPC)
)
Package pdflscape Info: Auto-detected driver: pdftex on input line 81.
)
("C:\Program Files\MiKTeX\tex/latex/svg\svg.sty"
Package: svg 2020/06/23 v2.02h (include SVG pictures)

("C:\Program Files\MiKTeX\tex/generic/pdftexcmds\pdftexcmds.sty"
Package: pdftexcmds 2020-06-27 v0.33 Utility functions of pdfTeX for LuaTeX (HO
)

("C:\Program Files\MiKTeX\tex/generic/infwarerr\infwarerr.sty"
Package: infwarerr 2019/12/03 v1.5 Providing info/warning/error messages (HO)
)
("C:\Program Files\MiKTeX\tex/generic/ltxcmds\ltxcmds.sty"
Package: ltxcmds 2019/12/15 v1.24 LaTeX kernel commands for general use (HO)
)
Package pdftexcmds Info: \pdf@primitive is available.
Package pdftexcmds Info: \pdf@ifprimitive is available.
Package pdftexcmds Info: \pdfdraftmode found.
)
("C:\Program Files\MiKTeX\tex/latex/trimspaces\trimspaces.sty"
Package: trimspaces 2009/09/17 v1.1 Trim spaces around a token list
)
("C:\Program Files\MiKTeX\tex/latex/tools\shellesc.sty"
Package: shellesc 2019/11/08 v1.0c unified shell escape interface for LaTeX
Package shellesc Info: Restricted shell escape enabled on input line 77.
)
\c@svg@param@lastpage=\count284
\svg@box=\box54
\c@svg@param@currpage=\count285
)
("C:\Program Files\MiKTeX\tex/latex/xcolor\xcolor.sty"
Package: xcolor 2016/05/11 v2.12 LaTeX color extensions (UK)

("C:\Program Files\MiKTeX\tex/latex/graphics-cfg\color.cfg"
File: color.cfg 2016/01/02 v1.6 sample color configuration
)
Package xcolor Info: Driver file: pdftex.def on input line 225.
LaTeX Info: Redefining \color on input line 709.
Package xcolor Info: Model `cmy' substituted by `cmy0' on input line 1348.
Package xcolor Info: Model `hsb' substituted by `rgb' on input line 1352.
Package xcolor Info: Model `RGB' extended on input line 1364.
Package xcolor Info: Model `HTML' substituted by `rgb' on input line 1366.
Package xcolor Info: Model `Hsb' substituted by `hsb' on input line 1367.
Package xcolor Info: Model `tHsb' substituted by `hsb' on input line 1368.
Package xcolor Info: Model `HSB' substituted by `hsb' on input line 1369.
Package xcolor Info: Model `Gray' substituted by `gray' on input line 1370.
Package xcolor Info: Model `wave' substituted by `hsb' on input line 1371.
)
("C:\Program Files\MiKTeX\tex/latex/hyphenat\hyphenat.sty"
Package: hyphenat 2009/09/02 v2.3c hyphenation utilities
\langwohyphens=\language80
LaTeX Info: Redefining \_ on input line 43.
)) (data_skripsi.tex) (skripsi.aux)
\openout1 = `skripsi.aux'.

LaTeX Font Info:    Checking defaults for OML/cmm/m/it on input line 6.
LaTeX Font Info:    ... okay on input line 6.
LaTeX Font Info:    Checking defaults for OMS/cmsy/m/n on input line 6.
LaTeX Font Info:    ... okay on input line 6.
LaTeX Font Info:    Checking defaults for OT1/cmr/m/n on input line 6.
LaTeX Font Info:    ... okay on input line 6.
LaTeX Font Info:    Checking defaults for T1/cmr/m/n on input line 6.
LaTeX Font Info:    ... okay on input line 6.
LaTeX Font Info:    Checking defaults for TS1/cmr/m/n on input line 6.
LaTeX Font Info:    ... okay on input line 6.
LaTeX Font Info:    Checking defaults for OMX/cmex/m/n on input line 6.
LaTeX Font Info:    ... okay on input line 6.
LaTeX Font Info:    Checking defaults for U/cmr/m/n on input line 6.
LaTeX Font Info:    ... okay on input line 6.
LaTeX Font Info:    Trying to load font information for T1+ptm on input line 6.

 ("C:\Program Files\MiKTeX\tex/latex/psnfss\t1ptm.fd"
File: t1ptm.fd 2001/06/04 font definitions for T1/ptm.
)
("C:\Program Files\MiKTeX\tex/context/base/mkii\supp-pdf.mkii"
[Loading MPS to PDF converter (version 2006.09.02).]
\scratchcounter=\count286
\scratchdimen=\dimen177
\scratchbox=\box55
\nofMPsegments=\count287
\nofMParguments=\count288
\everyMPshowfont=\toks27
\MPscratchCnt=\count289
\MPscratchDim=\dimen178
\MPnumerator=\count290
\makeMPintoPDFobject=\count291
\everyMPtoPDFconversion=\toks28
) ("C:\Program Files\MiKTeX\tex/latex/epstopdf-pkg\epstopdf-base.sty"
Package: epstopdf-base 2020-01-24 v2.11 Base part for package epstopdf
Package epstopdf-base Info: Redefining graphics rule for `.eps' on input line 4
85.
)
Package caption Info: Begin \AtBeginDocument code.
Package caption Info: listings package is loaded.
Package caption Info: subfigure package is loaded.
Package caption Info: End \AtBeginDocument code.
\c@lstlisting=\count292

(muka_skripsi.tex
<logoUGM.jpg, id=1, 297.7524pt x 302.0886pt>
File: logoUGM.jpg Graphic file (type jpg)
<use logoUGM.jpg>
Package pdftex.def Info: logoUGM.jpg  used on input line 2.
(pdftex.def)             Requested size: 156.49014pt x 158.76942pt.
 [1

{C:/Users/Sri Subiati/AppData/Local/MiKTeX/pdftex/config/pdftex.map} <./logoUGM
.jpg>]
LaTeX Font Info:    Trying to load font information for U+lasy on input line 3.

 ("C:\Program Files\MiKTeX\tex/latex/base\ulasy.fd"
File: ulasy.fd 1998/08/17 v2.2e LaTeX symbol font definitions
)
LaTeX Font Info:    Trying to load font information for U+msa on input line 3.

("C:\Program Files\MiKTeX\tex/latex/amsfonts\umsa.fd"
File: umsa.fd 2013/01/14 v3.01 AMS symbols A
)
LaTeX Font Info:    Trying to load font information for U+msb on input line 3.

("C:\Program Files\MiKTeX\tex/latex/amsfonts\umsb.fd"
File: umsb.fd 2013/01/14 v3.01 AMS symbols B
)
Overfull \hbox (8.64542pt too wide) in paragraph at lines 3--3
[][] 
 []

[2] [3]
Overfull \hbox (13.2377pt too wide) in paragraph at lines 5--5
 [][] 
 []

[4] (persembahan.tex) [5

] (motto.tex) [6

] (prakata.tex [7

]
Overfull \hbox (1.24547pt too wide) in paragraph at lines 12--13
[]\T1/ptm/m/n/12 Kerabat-kerabat de-kat pe-nu-lis, yak-ni M. Fa-i-sal Al Ban-ta
-ni, Sal-sa-bi-la K. Khansa,
 []


Underfull \hbox (badness 10000) in paragraph at lines 18--20

 []

) [8] (skripsi.toc [9

] [10] [11])
\tf@toc=\write4
\openout4 = `skripsi.toc'.

 [12] (skripsi.lot)
\tf@lot=\write5
\openout5 = `skripsi.lot'.

 [13

] (skripsi.lof [14

])
\tf@lof=\write6
\openout6 = `skripsi.lof'.


[15] (skripsi.nls [16


]) (lambang.tex) [17] (abstrakind.tex
Overfull \hbox (3.03954pt too wide) in paragraph at lines 2--3
[]\T1/ptm/m/n/12 Penelitian-penelitan ke-nyaman-an ter-mal mem-bu-tuhk-an kon-d
i-si ling-kung-an ter-
 []


Overfull \hbox (6.01802pt too wide) in paragraph at lines 6--8
\T1/ptm/m/n/12 gunakan fung-si ak-ti-va-si \T1/ptm/m/it/12 hyper-bo-lic ta-ngen
t \T1/ptm/m/n/12 deng-an al-go-ri-tma pem-be-la-jar-an Levenberg-
 []

) [18

] (abstrakeng.tex) [19

]) (Bab1.tex
BAB I.
[1


]
<figures/climatechamber.png, id=76, 515.67656pt x 461.47406pt>
File: figures/climatechamber.png Graphic file (type png)
<use figures/climatechamber.png>
Package pdftex.def Info: figures/climatechamber.png  used on input line 33.
(pdftex.def)             Requested size: 305.15585pt x 273.08414pt.
 [2 <./figures/climatechamber.png>] [3]) (Bab2.tex [4]
BAB II.
[5

] [6] [7]
Overfull \hbox (1.24724pt too wide) in paragraph at lines 26--26
[]\T1/ptm/m/n/12 Tahun| 
 []


Underfull \hbox (badness 10000) in paragraph at lines 28--28
[]\T1/ptm/m/n/12 2006
 []


Underfull \hbox (badness 1590) in paragraph at lines 28--28
[]\T1/ptm/m/n/12 Arens, Zhang,
 []


Underfull \hbox (badness 10000) in paragraph at lines 30--30
[]\T1/ptm/m/n/12 2010
 []


Underfull \hbox (badness 10000) in paragraph at lines 30--30
[]\T1/ptm/m/n/12 Sensitivitas
 []


Underfull \hbox (badness 2644) in paragraph at lines 30--30
\T1/ptm/m/n/12 gai sa-ra-na pe-ngu-ji-an sen-si-ti-vi-tas
 []


Underfull \hbox (badness 10000) in paragraph at lines 32--32
[]\T1/ptm/m/n/12 2019
 []


Underfull \hbox (badness 10000) in paragraph at lines 32--32
[]\T1/ptm/m/n/12 Soebarto,
 []


Underfull \hbox (badness 10000) in paragraph at lines 32--32
\T1/ptm/m/n/12 Zhang, dan
 []


Underfull \hbox (badness 10000) in paragraph at lines 32--32
[]\T1/ptm/m/n/12 Sensasi Ter-mal,
 []


Underfull \hbox (badness 10000) in paragraph at lines 32--32
\T1/ptm/m/n/12 Su-hu Nya-man,
 []


Underfull \hbox (badness 10000) in paragraph at lines 34--34
[]\T1/ptm/m/n/12 2020
 []


Underfull \hbox (badness 2573) in paragraph at lines 34--34
[]\T1/ptm/m/n/12 Menggunakan \T1/ptm/m/it/12 set po-int \T1/ptm/m/n/12 ramp
 []


Underfull \hbox (badness 6825) in paragraph at lines 34--34
\T1/ptm/m/n/12 deng-an ke-ce-pat-an pe-manas-an
 []


Underfull \hbox (badness 2158) in paragraph at lines 36--36
[]\T1/ptm/m/n/12 Suhu ru-ang dan
 []


Underfull \hbox (badness 2573) in paragraph at lines 36--36
[]\T1/ptm/m/n/12 Menggunakan \T1/ptm/m/it/12 set po-int \T1/ptm/m/n/12 ramp
 []


Underfull \hbox (badness 1975) in paragraph at lines 36--36
\T1/ptm/m/n/12 (16$[]$C-30$[]$C) deng-an lom-pat-an
 []


Overfull \hbox (46.39264pt too wide) in paragraph at lines 24--38
 [][] 
 []

[8] [9


] [10]
Overfull \hbox (1.24724pt too wide) in paragraph at lines 71--71
[]\T1/ptm/m/n/12 Tahun| 
 []


Underfull \hbox (badness 10000) in paragraph at lines 71--71
[]\T1/ptm/m/n/12 Tipe
 []


Underfull \hbox (badness 3838) in paragraph at lines 71--71
[]\T1/ptm/m/n/12 Variabel Gang-gu-
 []


Underfull \hbox (badness 10000) in paragraph at lines 71--71
[]\T1/ptm/m/n/12 Metode
 []


Underfull \hbox (badness 10000) in paragraph at lines 73--73
[]\T1/ptm/m/n/12 2010
 []


Underfull \hbox (badness 10000) in paragraph at lines 73--73
[]\T1/ptm/m/n/12 Moon dan
 []


Underfull \hbox (badness 10000) in paragraph at lines 73--73
[]\T1/ptm/m/n/12 Suhu, ke-lem-
 []


Underfull \hbox (badness 10000) in paragraph at lines 73--73
\T1/ptm/m/n/12 bap-an re-la-tif,
 []


Underfull \hbox (badness 10000) in paragraph at lines 73--73
[]\T1/ptm/m/n/12 AC, He-a-ter,
 []


Underfull \hbox (badness 10000) in paragraph at lines 73--73
\T1/ptm/m/n/12 Hu-mi-di-fi-er,
 []


Underfull \hbox (badness 10000) in paragraph at lines 73--73
\T1/ptm/m/n/12 dan De-hu-mi-
 []


Underfull \hbox (badness 10000) in paragraph at lines 75--75
[]\T1/ptm/m/n/12 2011
 []


Underfull \hbox (badness 10000) in paragraph at lines 75--75
[]\T1/ptm/m/n/12 Moon,
 []


Underfull \hbox (badness 10000) in paragraph at lines 75--75
[]\T1/ptm/m/n/12 Bangunan
 []


Underfull \hbox (badness 10000) in paragraph at lines 75--75
\T1/ptm/m/n/12 tem-pat
 []


Underfull \hbox (badness 10000) in paragraph at lines 75--75
[]\T1/ptm/m/n/12 Suhu dan
 []


Underfull \hbox (badness 10000) in paragraph at lines 75--75
\T1/ptm/m/n/12 ke-nyaman-an
 []


Underfull \hbox (badness 10000) in paragraph at lines 75--75
[]\T1/ptm/m/n/12 ANN,
 []


Underfull \hbox (badness 10000) in paragraph at lines 75--75
\T1/ptm/m/it/12 Fu-zzy
 []


Underfull \hbox (badness 10000) in paragraph at lines 77--77
[]\T1/ptm/m/n/12 2017
 []


Underfull \hbox (badness 10000) in paragraph at lines 77--77
[]\T1/ptm/m/n/12 Drgo¬a,
 []


Underfull \hbox (badness 10000) in paragraph at lines 77--77
[]\T1/ptm/m/n/12 Bangunan
 []


Underfull \hbox (badness 10000) in paragraph at lines 77--77
\T1/ptm/m/n/12 re-si-den-si-
 []


Underfull \hbox (badness 2080) in paragraph at lines 77--77
\T1/ptm/m/n/12 al deng-an
 []


Underfull \hbox (badness 1558) in paragraph at lines 77--77
[]\T1/ptm/m/n/12 Suhu ope-ra-sio-
 []


Underfull \hbox (badness 1783) in paragraph at lines 77--77
\T1/ptm/m/n/12 Ba-ngun-an: 1
 []


Underfull \hbox (badness 10000) in paragraph at lines 77--77
\T1/ptm/m/n/12 Ra-di-a-tor ti-ap
 []


Underfull \hbox (badness 10000) in paragraph at lines 77--77
[]\T1/ptm/m/n/12 MPC,
 []


Underfull \hbox (badness 10000) in paragraph at lines 77--77
\T1/ptm/m/n/12 PID,
 []


Underfull \hbox (badness 1776) in paragraph at lines 77--77
[]\T1/ptm/m/n/12 Kontroler TDNN mam-pu mem-per-ta-
 []


Underfull \hbox (badness 10000) in paragraph at lines 79--79
[]\T1/ptm/m/n/12 Penelitian
 []


Underfull \hbox (badness 10000) in paragraph at lines 79--79
[]\T1/ptm/m/it/12 Climate
 []


Underfull \hbox (badness 10000) in paragraph at lines 79--79
\T1/ptm/m/it/12 Cham-ber
 []


Underfull \hbox (badness 10000) in paragraph at lines 79--79
\T1/ptm/m/n/12 DTN-TF
 []


Underfull \hbox (badness 3792) in paragraph at lines 79--79
[]\T1/ptm/m/n/12 Intensitas Ra-di-a-si
 []


Overfull \hbox (87.46404pt too wide) in paragraph at lines 68--81
 [][] 
 []

[11

]) (Bab3.tex
BAB III.
[12


] [13]
Underfull \hbox (badness 10000) in paragraph at lines 37--39

 []

[14] [15] [16]
<figures/HeatTransferProcess.png, id=127, 281.25075pt x 149.358pt>
File: figures/HeatTransferProcess.png Graphic file (type png)
<use figures/HeatTransferProcess.png>
Package pdftex.def Info: figures/HeatTransferProcess.png  used on input line 85
.
(pdftex.def)             Requested size: 325.50082pt x 172.85655pt.

Overfull \hbox (2.27278pt too wide) in paragraph at lines 90--91
[]\T1/ptm/m/n/12 Lingkungan ter-mal ba-ngung-an di-pe-nga-ru-hi oleh be-be-ra-p
a fak-tor. Faktor-faktor
 []

[17 <./figures/HeatTransferProcess.png>]
Overfull \hbox (0.15947pt too wide) in paragraph at lines 134--135
[]\T1/ptm/m/n/12 Sistem ada-lah kom-bi-na-si da-ri be-be-ra-pa kom-po-nen yang 
be-ker-ja bersama-sama
 []

[18]
Underfull \hbox (badness 10000) in paragraph at lines 149--150

 []

[19]
Underfull \hbox (badness 10000) in paragraph at lines 160--161

 []

[20]
<figures/SSEExample.png, id=141, 170.13562pt x 63.23625pt>
File: figures/SSEExample.png Graphic file (type png)
<use figures/SSEExample.png>
Package pdftex.def Info: figures/SSEExample.png  used on input line 182.
(pdftex.def)             Requested size: 203.43724pt x 75.61775pt.
 [21 <./figures/SSEExample.png>]
<figures/neuron.png, id=146, 237.2865pt x 189.70876pt>
File: figures/neuron.png Graphic file (type png)
<use figures/neuron.png>
Package pdftex.def Info: figures/neuron.png  used on input line 252.
(pdftex.def)             Requested size: 203.43724pt x 162.64844pt.
 [22 <./figures/neuron.png>]
<figures/neuronmath.png, id=151, 443.40656pt x 297.36093pt>
File: figures/neuronmath.png Graphic file (type png)
<use figures/neuronmath.png>
Package pdftex.def Info: figures/neuronmath.png  used on input line 269.
(pdftex.def)             Requested size: 203.43724pt x 136.43376pt.

Overfull \hbox (1.39546pt too wide) in paragraph at lines 274--275
[]\T1/ptm/m/n/12 Bobot-bobot po-si-tif $\OML/cmm/m/it/12 v[]$ \T1/ptm/m/n/12 be
r-hu-bung-an deng-an si-na-psis \T1/ptm/m/it/12 exi-ta-tory \T1/ptm/m/n/12 dan 
bobot-bobot
 []

<figures/activationFunction.png, id=152, 456.95718pt x 229.60782pt>
File: figures/activationFunction.png Graphic file (type png)
<use figures/activationFunction.png>
Package pdftex.def Info: figures/activationFunction.png  used on input line 279
.
(pdftex.def)             Requested size: 244.12717pt x 122.66554pt.

LaTeX Warning: `!h' float specifier changed to `!ht'.

[23 <./figures/neuronmath.png>]
<figures/jstTunggal.png, id=158, 329.73187pt x 364.36125pt>
File: figures/jstTunggal.png Graphic file (type png)
<use figures/jstTunggal.png>
Package pdftex.def Info: figures/jstTunggal.png  used on input line 316.
(pdftex.def)             Requested size: 203.43724pt x 224.80637pt.


LaTeX Warning: `!h' float specifier changed to `!ht'.

[24 <./figures/activationFunction.png>] [25 <./figures/jstTunggal.png>]
<figures/mlp.png, id=168, 718.685pt x 642.4pt>
File: figures/mlp.png Graphic file (type png)
<use figures/mlp.png>
Package pdftex.def Info: figures/mlp.png  used on input line 388.
(pdftex.def)             Requested size: 264.46593pt x 236.40019pt.

Overfull \hbox (11.17496pt too wide) in paragraph at lines 385--393
[]\T1/ptm/m/n/12 Jaringan la-pis-an ja-mak (\T1/ptm/m/it/12 Mul-ti-la-yer Per-c
ep-tron\T1/ptm/m/n/12 ) me-rupa-kan per-lu-as-an da-ri jaring-
 []

[26] [27 <./figures/mlp.png>] [28] [29] [30] [31]
<figures/ControlSystemTaxonomy.png, id=189, 591.4095pt x 419.76825pt>
File: figures/ControlSystemTaxonomy.png Graphic file (type png)
<use figures/ControlSystemTaxonomy.png>
Package pdftex.def Info: figures/ControlSystemTaxonomy.png  used on input line 
548.
(pdftex.def)             Requested size: 325.50082pt x 231.02696pt.
) (Bab4.tex [32 <./figures/ControlSystemTaxonomy.png>]
BAB IV.

Underfull \hbox (badness 2409) in paragraph at lines 21--21
[]\T1/ptm/m/n/12 Perangkat lu-nak pem-rog-ram-an da-lam me-ran-cang
 []


Overfull \hbox (5.29437pt too wide) in paragraph at lines 13--32
 [][] 
 []


Overfull \hbox (16.67531pt too wide) in paragraph at lines 39--49
 [][] 
 []

<figures/TataLaksanaPenelitian.png, id=194, 330.23375pt x 523.9575pt>
File: figures/TataLaksanaPenelitian.png Graphic file (type png)
<use figures/TataLaksanaPenelitian.png>
Package pdftex.def Info: figures/TataLaksanaPenelitian.png  used on input line 
58.
(pdftex.def)             Requested size: 244.12717pt x 387.3547pt.
[33

] [34 <./figures/TataLaksanaPenelitian.png>]
Underfull \hbox (badness 10000) in paragraph at lines 88--89

 []

[35]
<figures/KondisiChamber.png, id=205, 606.01407pt x 353.06906pt>
File: figures/KondisiChamber.png Graphic file (type png)
<use figures/KondisiChamber.png>
Package pdftex.def Info: figures/KondisiChamber.png  used on input line 96.
(pdftex.def)             Requested size: 406.87448pt x 237.05067pt.

Underfull \hbox (badness 10000) in paragraph at lines 101--102

 []

<figures/AC.jpg, id=206, 834.11626pt x 484.81125pt>
File: figures/AC.jpg Graphic file (type jpg)
<use figures/AC.jpg>
Package pdftex.def Info: figures/AC.jpg  used on input line 105.
(pdftex.def)             Requested size: 203.43724pt x 118.24345pt.

LaTeX Warning: `!h' float specifier changed to `!ht'.

[36 <./figures/KondisiChamber.png>]
<figures/Heater.jpg, id=212, 152.0955pt x 202.6845pt>
File: figures/Heater.jpg Graphic file (type jpg)
<use figures/Heater.jpg>
Package pdftex.def Info: figures/Heater.jpg  used on input line 114.
(pdftex.def)             Requested size: 101.71861pt x 135.55048pt.

Underfull \hbox (badness 10000) in paragraph at lines 119--120

 []

[37 <./figures/AC.jpg> <./figures/Heater.jpg>]
<figures/SkenarioData.png, id=216, 412.54124pt x 336.25626pt>
File: figures/SkenarioData.png Graphic file (type png)
<use figures/SkenarioData.png>
Package pdftex.def Info: figures/SkenarioData.png  used on input line 127.
(pdftex.def)             Requested size: 264.46593pt x 215.56242pt.
 [38 <./figures/SkenarioData.png>]
<figures/NNPlantModelDesign.png, id=221, 347.2975pt x 162.6075pt>
File: figures/NNPlantModelDesign.png Graphic file (type png)
<use figures/NNPlantModelDesign.png>
Package pdftex.def Info: figures/NNPlantModelDesign.png  used on input line 140
.
(pdftex.def)             Requested size: 264.46593pt x 123.82861pt.
 [39 <./figures/NNPlantModelDesign.png>]
<figures/ControlDesignDiagramII.png, id=226, 582.175pt x 157.58875pt>
File: figures/ControlDesignDiagramII.png Graphic file (type png)
<use figures/ControlDesignDiagramII.png>
Package pdftex.def Info: figures/ControlDesignDiagramII.png  used on input line
 172.
(pdftex.def)             Requested size: 406.87448pt x 110.13823pt.
<figures/NNControllerIO.png, id=227, 312.16624pt x 206.7725pt>
File: figures/NNControllerIO.png Graphic file (type png)
<use figures/NNControllerIO.png>
Package pdftex.def Info: figures/NNControllerIO.png  used on input line 179.
(pdftex.def)             Requested size: 203.43724pt x 134.75389pt.
 [40 <./figures/ControlDesignDiagramII.png> <./figures/NNControllerIO.png>]
Overfull \hbox (1.26385pt too wide) in paragraph at lines 189--190
[]\T1/ptm/m/n/12 Penarikan ke-sim-pul-an di-dapat-kan ber-dasar-kan ha-sil ran-
cang-an kon-troler deng-
 []

) (Bab5.tex [41]
BAB V.
[42

]
Overfull \hbox (1.86603pt too wide) in paragraph at lines 11--12
\T1/ptm/m/n/12 tuk mem-pe-ro-leh da-ta ling-kung-an ter-mal \T1/ptm/m/it/12 cli
-ma-te cham-ber \T1/ptm/m/n/12 ber-sa-ma-an deng-an Hartanto.
 []

<figures/ACHTSimulasiIESVE.png, id=240, 830.35219pt x 534.49687pt>
File: figures/ACHTSimulasiIESVE.png Graphic file (type png)
<use figures/ACHTSimulasiIESVE.png>
Package pdftex.def Info: figures/ACHTSimulasiIESVE.png  used on input line 18.
(pdftex.def)             Requested size: 406.87448pt x 261.90575pt.

LaTeX Warning: `!h' float specifier changed to `!ht'.

<figures/LoadSimulasiIESVE.png, id=241, 828.84656pt x 529.98pt>
File: figures/LoadSimulasiIESVE.png Graphic file (type png)
<use figures/LoadSimulasiIESVE.png>
Package pdftex.def Info: figures/LoadSimulasiIESVE.png  used on input line 26.
(pdftex.def)             Requested size: 406.87448pt x 260.1615pt.

LaTeX Warning: `!h' float specifier changed to `!ht'.


Underfull \hbox (badness 10000) in paragraph at lines 31--32

 []

<figures/HasilSimulasiIESVE.png, id=242, 830.35219pt x 529.98pt>
File: figures/HasilSimulasiIESVE.png Graphic file (type png)
<use figures/HasilSimulasiIESVE.png>
Package pdftex.def Info: figures/HasilSimulasiIESVE.png  used on input line 35.

(pdftex.def)             Requested size: 406.87448pt x 259.69246pt.

LaTeX Warning: `!h' float specifier changed to `!ht'.

[43]

LaTeX Warning: Text page 44 contains only floats.

[44 <./figures/ACHTSimulasiIESVE.png> <./figures/LoadSimulasiIESVE.png>]
Overfull \hbox (7.20279pt too wide) in paragraph at lines 44--45
[]\T1/ptm/m/n/12 Dalam per-an-cang-an sis-tem ken-da-li, per-lu di-i-den-ti-fi-
ka-si ter-le-bih da-hu-lu variabel-
 []

<figures/BlokDiagramPlant.png, id=251, 362.35374pt x 144.54pt>
File: figures/BlokDiagramPlant.png Graphic file (type png)
<use figures/BlokDiagramPlant.png>
Package pdftex.def Info: figures/BlokDiagramPlant.png  used on input line 48.
(pdftex.def)             Requested size: 284.81088pt x 113.6097pt.

LaTeX Warning: `!h' float specifier changed to `!ht'.

[45 <./figures/HasilSimulasiIESVE.png>]
<figures/DiagramBlokFungsionalSistem.png, id=256, 567.11874pt x 170.6375pt>
File: figures/DiagramBlokFungsionalSistem.png Graphic file (type png)
<use figures/DiagramBlokFungsionalSistem.png>
Package pdftex.def Info: figures/DiagramBlokFungsionalSistem.png  used on input
 line 58.
(pdftex.def)             Requested size: 345.84578pt x 104.06267pt.
 [46 <./figures/BlokDiagramPlant.png> <./figures/DiagramBlokFungsionalSistem.pn
g>]
File: figures/ControlDesignDiagramII.png Graphic file (type png)
<use figures/ControlDesignDiagramII.png>
Package pdftex.def Info: figures/ControlDesignDiagramII.png  used on input line
 69.
(pdftex.def)             Requested size: 345.84578pt x 93.61858pt.
 [47] [48]
<figures/VariasiPembagianDataJSTKontroler.png, id=269, 600.74437pt x 435.87843p
t>
File: figures/VariasiPembagianDataJSTKontroler.png Graphic file (type png)
<use figures/VariasiPembagianDataJSTKontroler.png>
Package pdftex.def Info: figures/VariasiPembagianDataJSTKontroler.png  used on 
input line 104.
(pdftex.def)             Requested size: 345.84578pt x 250.94073pt.
<figures/ActivationVariation.png, id=270, 558.58687pt x 283.0575pt>
File: figures/ActivationVariation.png Graphic file (type png)
<use figures/ActivationVariation.png>
Package pdftex.def Info: figures/ActivationVariation.png  used on input line 11
5.
(pdftex.def)             Requested size: 305.15585pt x 154.63687pt.


LaTeX Warning: `!h' float specifier changed to `!ht'.

[49 <./figures/VariasiPembagianDataJSTKontroler.png>]
<figures/NeuronVariation.png, id=275, 567.62062pt x 278.54062pt>
File: figures/NeuronVariation.png Graphic file (type png)
<use figures/NeuronVariation.png>
Package pdftex.def Info: figures/NeuronVariation.png  used on input line 124.
(pdftex.def)             Requested size: 305.15585pt x 149.7509pt.
 [50 <./figures/ActivationVariation.png> <./figures/NeuronVariation.png>] [51]
<figures/Simulink1Td.png, id=284, 557.83406pt x 312.41719pt>
File: figures/Simulink1Td.png Graphic file (type png)
<use figures/Simulink1Td.png>
Package pdftex.def Info: figures/Simulink1Td.png  used on input line 165.
(pdftex.def)             Requested size: 305.15585pt x 170.90993pt.
<figures/Simulink1RH.png, id=285, 560.0925pt x 310.15875pt>
File: figures/Simulink1RH.png Graphic file (type png)
<use figures/Simulink1RH.png>
Package pdftex.def Info: figures/Simulink1RH.png  used on input line 172.
(pdftex.def)             Requested size: 305.15585pt x 168.9882pt.


LaTeX Warning: `!h' float specifier changed to `!ht'.

<figures/Simulink1AC.png, id=286, 560.0925pt x 313.17pt>
File: figures/Simulink1AC.png Graphic file (type png)
<use figures/Simulink1AC.png>
Package pdftex.def Info: figures/Simulink1AC.png  used on input line 179.
(pdftex.def)             Requested size: 305.15585pt x 170.62886pt.

LaTeX Warning: `!h' float specifier changed to `!ht'.

<figures/Simulink1HT.png, id=287, 559.33969pt x 308.65312pt>
File: figures/Simulink1HT.png Graphic file (type png)
<use figures/Simulink1HT.png>
Package pdftex.def Info: figures/Simulink1HT.png  used on input line 186.
(pdftex.def)             Requested size: 305.15585pt x 168.39394pt.

LaTeX Warning: `!h' float specifier changed to `!ht'.

[52 <./figures/Simulink1Td.png>]

LaTeX Warning: Text page 53 contains only floats.

[53 <./figures/Simulink1RH.png> <./figures/Simulink1AC.png> <./figures/Simulink
1HT.png>] [54]
<figures/Simulink2To.png, id=303, 468.24937pt x 254.45062pt>
File: figures/Simulink2To.png Graphic file (type png)
<use figures/Simulink2To.png>
Package pdftex.def Info: figures/Simulink2To.png  used on input line 204.
(pdftex.def)             Requested size: 284.81088pt x 154.77591pt.
<figures/Simulink2RD.png, id=304, 485.56406pt x 289.08pt>
File: figures/Simulink2RD.png Graphic file (type png)
<use figures/Simulink2RD.png>
Package pdftex.def Info: figures/Simulink2RD.png  used on input line 211.
(pdftex.def)             Requested size: 284.81088pt x 169.55882pt.
 [55 <./figures/Simulink2To.png> <./figures/Simulink2RD.png>]
<figures/Simulink2Td.png, id=310, 518.6878pt x 291.33844pt>
File: figures/Simulink2Td.png Graphic file (type png)
<use figures/Simulink2Td.png>
Package pdftex.def Info: figures/Simulink2Td.png  used on input line 220.
(pdftex.def)             Requested size: 284.81088pt x 159.97879pt.
<figures/Simulink2RH.png, id=311, 514.92375pt x 283.0575pt>
File: figures/Simulink2RH.png Graphic file (type png)
<use figures/Simulink2RH.png>
Package pdftex.def Info: figures/Simulink2RH.png  used on input line 227.
(pdftex.def)             Requested size: 284.81088pt x 156.5675pt.
<figures/Simulink2AC.png, id=312, 480.29437pt x 263.48438pt>
File: figures/Simulink2AC.png Graphic file (type png)
<use figures/Simulink2AC.png>
Package pdftex.def Info: figures/Simulink2AC.png  used on input line 234.
(pdftex.def)             Requested size: 264.46593pt x 145.0857pt.


LaTeX Warning: `!h' float specifier changed to `!ht'.

<figures/Simulink2HT.png, id=313, 492.33937pt x 264.99pt>
File: figures/Simulink2HT.png Graphic file (type png)
<use figures/Simulink2HT.png>
Package pdftex.def Info: figures/Simulink2HT.png  used on input line 241.
(pdftex.def)             Requested size: 264.46593pt x 142.34848pt.

LaTeX Warning: `!h' float specifier changed to `!ht'.

[56 <./figures/Simulink2Td.png> <./figures/Simulink2RH.png>]
<figures/Simulink3Td.png, id=319, 541.27219pt x 314.67563pt>
File: figures/Simulink3Td.png Graphic file (type png)
<use figures/Simulink3Td.png>
Package pdftex.def Info: figures/Simulink3Td.png  used on input line 253.
(pdftex.def)             Requested size: 264.46593pt x 153.75546pt.


LaTeX Warning: `!h' float specifier changed to `!ht'.

<figures/Simulink3RH.png, id=320, 532.23843pt x 305.64188pt>
File: figures/Simulink3RH.png Graphic file (type png)
<use figures/Simulink3RH.png>
Package pdftex.def Info: figures/Simulink3RH.png  used on input line 261.
(pdftex.def)             Requested size: 264.46593pt x 151.87381pt.

LaTeX Warning: `!h' float specifier changed to `!ht'.

<figures/Simulink3AC.png, id=321, 526.96875pt x 301.125pt>
File: figures/Simulink3AC.png Graphic file (type png)
<use figures/Simulink3AC.png>
Package pdftex.def Info: figures/Simulink3AC.png  used on input line 268.
(pdftex.def)             Requested size: 264.46593pt x 151.13187pt.

LaTeX Warning: `!h' float specifier changed to `!ht'.

<figures/Simulink3HT.png, id=322, 514.92375pt x 271.76532pt>
File: figures/Simulink3HT.png Graphic file (type png)
<use figures/Simulink3HT.png>
Package pdftex.def Info: figures/Simulink3HT.png  used on input line 276.
(pdftex.def)             Requested size: 264.46593pt x 139.58127pt.

LaTeX Warning: `!h' float specifier changed to `!ht'.

[57 <./figures/Simulink2AC.png> <./figures/Simulink2HT.png>] [58 <./figures/Sim
ulink3Td.png> <./figures/Simulink3RH.png> <./figures/Simulink3AC.png>]
<figures/UjiPlant.png, id=334, 565.36218pt x 321.45094pt>
File: figures/UjiPlant.png Graphic file (type png)
<use figures/UjiPlant.png>
Package pdftex.def Info: figures/UjiPlant.png  used on input line 288.
(pdftex.def)             Requested size: 264.46593pt x 150.37074pt.
)
(Bab6.tex [59 <./figures/Simulink3HT.png> <./figures/UjiPlant.png>]
BAB VI.

Overfull \hbox (2.75792pt too wide) in paragraph at lines 13--14
[]\T1/ptm/m/n/12 Menambahkan se-ma-cam \T1/ptm/m/it/12 ma-ni-pu-la-tor\T1/ptm/m
/n/12 /aktuator pa-da \T1/ptm/m/it/12 cli-ma-te cham-ber \T1/ptm/m/n/12 un-tuk 
me-
 []

) (skripsi.bbl [60

] [61

] [62]) [63] [64

] (app1.tex
LAMPIRAN A.
<figures/DataSkripsiRidhan.png, id=356, 331.83975pt x 319.1925pt>
File: figures/DataSkripsiRidhan.png Graphic file (type png)
<use figures/DataSkripsiRidhan.png>
Package pdftex.def Info: figures/DataSkripsiRidhan.png  used on input line 10.
(pdftex.def)             Requested size: 305.15585pt x 293.54863pt.
[65

 <./figures/DataSkripsiRidhan.png>]
<figures/BobotKontroler.png, id=361, 740.7675pt x 520.94624pt>
File: figures/BobotKontroler.png Graphic file (type png)
<use figures/BobotKontroler.png>
Package pdftex.def Info: figures/BobotKontroler.png  used on input line 21.
(pdftex.def)             Requested size: 406.87448pt x 286.13977pt.
 [66 <./figures/BobotKontroler.png>]
<figures/HasilSimulasiSimulink1.png, id=366, 328.8285pt x 1185.83025pt>
File: figures/HasilSimulasiSimulink1.png Graphic file (type png)
<use figures/HasilSimulasiSimulink1.png>
Package pdftex.def Info: figures/HasilSimulasiSimulink1.png  used on input line
 31.
(pdftex.def)             Requested size: 138.33583pt x 498.87766pt.

[67 <./figures/HasilSimulasiSimulink1.png>]
<figures/HasilSimulasiSimulink2.png, id=370, 328.8285pt x 1171.37625pt>
File: figures/HasilSimulasiSimulink2.png Graphic file (type png)
<use figures/HasilSimulasiSimulink2.png>
Package pdftex.def Info: figures/HasilSimulasiSimulink2.png  used on input line
 40.
(pdftex.def)             Requested size: 142.40854pt x 507.31035pt.
 [68 <./figures/HasilSimulasiSimulink2.png>]
<figures/HasilSimulasiSimulink3.png, id=374, 328.8285pt x 1171.37625pt>
File: figures/HasilSimulasiSimulink3.png Graphic file (type png)
<use figures/HasilSimulasiSimulink3.png>
Package pdftex.def Info: figures/HasilSimulasiSimulink3.png  used on input line
 49.
(pdftex.def)             Requested size: 142.40854pt x 507.31035pt.
 [69 <./figures/HasilSimulasiSimulink3.png>]
<figures/HasilSimulasiSimulink4.png, id=378, 328.8285pt x 1171.37625pt>
File: figures/HasilSimulasiSimulink4.png Graphic file (type png)
<use figures/HasilSimulasiSimulink4.png>
Package pdftex.def Info: figures/HasilSimulasiSimulink4.png  used on input line
 58.
(pdftex.def)             Requested size: 142.40854pt x 507.31035pt.
<figures/HasilSimulasiSimulink21.png, id=379, 328.8285pt x 1185.83025pt>
File: figures/HasilSimulasiSimulink21.png Graphic file (type png)
<use figures/HasilSimulasiSimulink21.png>
Package pdftex.def Info: figures/HasilSimulasiSimulink21.png  used on input lin
e 66.
(pdftex.def)             Requested size: 138.33583pt x 498.87766pt.
 [70 <./figures/HasilSimulasiSimulink4.png>] [71 <./figures/HasilSimulasiSimuli
nk21.png>]
<figures/HasilSimulasiSimulink22.png, id=386, 328.8285pt x 1171.37625pt>
File: figures/HasilSimulasiSimulink22.png Graphic file (type png)
<use figures/HasilSimulasiSimulink22.png>
Package pdftex.def Info: figures/HasilSimulasiSimulink22.png  used on input lin
e 75.
(pdftex.def)             Requested size: 142.40854pt x 507.31035pt.
 [72 <./figures/HasilSimulasiSimulink22.png>]
<figures/HasilSimulasiSimulink23.png, id=391, 328.8285pt x 1171.37625pt>
File: figures/HasilSimulasiSimulink23.png Graphic file (type png)
<use figures/HasilSimulasiSimulink23.png>
Package pdftex.def Info: figures/HasilSimulasiSimulink23.png  used on input lin
e 84.
(pdftex.def)             Requested size: 142.40854pt x 507.31035pt.
 [73 <./figures/HasilSimulasiSimulink23.png>]
<figures/HasilSimulasiSimulink24.png, id=395, 328.8285pt x 1171.37625pt>
File: figures/HasilSimulasiSimulink24.png Graphic file (type png)
<use figures/HasilSimulasiSimulink24.png>
Package pdftex.def Info: figures/HasilSimulasiSimulink24.png  used on input lin
e 93.
(pdftex.def)             Requested size: 142.40854pt x 507.31035pt.
)
(app2.tex [74 <./figures/HasilSimulasiSimulink24.png>]
LAMPIRAN B.
("C:\Program Files\MiKTeX\tex/latex/listings\lstlang1.sty"
File: lstlang1.sty 2020/03/24 1.8d listings language file
)
LaTeX Font Info:    Trying to load font information for TS1+ptm on input line 4
2.

("C:\Program Files\MiKTeX\tex/latex/psnfss\ts1ptm.fd"
File: ts1ptm.fd 2001/06/04 font definitions for TS1/ptm.
) [75

] [76] [77])
(app3.tex [78]
LAMPIRAN C.
<figures/SimulinkBlockDiagram.png, id=412, 815.4465pt x 360.1455pt>
File: figures/SimulinkBlockDiagram.png Graphic file (type png)
<use figures/SimulinkBlockDiagram.png>
Package pdftex.def Info: figures/SimulinkBlockDiagram.png  used on input line 6
.
(pdftex.def)             Requested size: 610.31172pt x 269.54793pt.
[79


 <./figures/SimulinkBlockDiagram.png>]) (skripsi.aux) ) 
Here is how much of TeX's memory you used:
 11724 strings out of 480790
 185361 string characters out of 2907035
 854062 words of memory out of 3000000
 27293 multiletter control sequences out of 15000+200000
 566341 words of font info for 67 fonts, out of 3000000 for 9000
 1247 hyphenation exceptions out of 8191
 65i,16n,110p,1534b,2119s stack positions out of 5000i,500n,10000p,200000b,50000s
{C:/Program Files/MiKTeX
/fonts/enc/dvips/base/8r.enc}<C:/Program Files/MiKTeX/fonts/type1/public/amsfon
ts/cm/cmex10.pfb><C:/Program Files/MiKTeX/fonts/type1/public/amsfonts/cm/cmmi12
.pfb><C:/Program Files/MiKTeX/fonts/type1/public/amsfonts/cm/cmmi8.pfb><C:/Prog
ram Files/MiKTeX/fonts/type1/public/amsfonts/cm/cmr12.pfb><C:/Program Files/MiK
TeX/fonts/type1/public/amsfonts/cm/cmr8.pfb><C:/Program Files/MiKTeX/fonts/type
1/public/amsfonts/cm/cmsy10.pfb><C:/Program Files/MiKTeX/fonts/type1/public/ams
fonts/cm/cmsy6.pfb><C:/Program Files/MiKTeX/fonts/type1/public/amsfonts/cm/cmsy
8.pfb><C:/Program Files/MiKTeX/fonts/type1/public/amsfonts/symbols/msbm10.pfb><
C:/Program Files/MiKTeX/fonts/type1/urw/times/utmb8a.pfb><C:/Program Files/MiKT
eX/fonts/type1/urw/times/utmbi8a.pfb><C:/Program Files/MiKTeX/fonts/type1/urw/t
imes/utmr8a.pfb><C:/Program Files/MiKTeX/fonts/type1/urw/times/utmri8a.pfb>
Output written on skripsi.pdf (98 pages, 3071478 bytes).
PDF statistics:
 462 PDF objects out of 1000 (max. 8388607)
 0 named destinations out of 1000 (max. 500000)
 261 words of extra memory for PDF output out of 10000 (max. 10000000)

