This is pdfTeX, Version 3.14159265-2.6-1.40.19 (TeX Live 2018) (preloaded format=pdflatex 2018.9.29)  20 NOV 2018 16:40
entering extended mode
 restricted \write18 enabled.
 file:line:error style messages enabled.
 %&-line parsing enabled.
**skripsi.tex
(./skripsi.tex
LaTeX2e <2018-04-01> patch level 2
Babel <3.18> and hyphenation patterns for 84 language(s) loaded.
(./skripsidtntf.cls
Document Class: skripsidtntf 2018/11/20 v2.1 The Department of Nuclear Engineering and Engineering Physics UGM Skripsi Class
(/usr/local/texlive/2018/texmf-dist/tex/generic/babel/babel.sty
Package: babel 2018/02/14 3.18 The Babel package
 (/usr/local/texlive/2018/texmf-dist/tex/generic/babel/switch.def
File: switch.def 2018/02/14 3.18 Babel switching mechanism
) (/usr/local/texlive/2018/texmf-dist/tex/generic/babel-indonesian/bahasa.ldf
Language: bahasa 2017/02/15 v1.0m Bahasa Indonesia support from the babel system
 (/usr/local/texlive/2018/texmf-dist/tex/generic/babel-indonesian/indonesian.ldf
Language: indonesian 2017/02/15 v1.0m Bahasa Indonesia support from the babel system
 (/usr/local/texlive/2018/texmf-dist/tex/generic/babel/babel.def
File: babel.def 2018/02/14 3.18 Babel common definitions
\babel@savecnt=\count80
\U@D=\dimen102
 (/usr/local/texlive/2018/texmf-dist/tex/generic/babel/txtbabel.def)
\bbl@dirlevel=\count81
)))) (/usr/local/texlive/2018/texmf-dist/tex/latex/tools/indentfirst.sty
Package: indentfirst 1995/11/23 v1.03 Indent first paragraph (DPC)
) (/usr/local/texlive/2018/texmf-dist/tex/latex/setspace/setspace.sty
Package: setspace 2011/12/19 v6.7a set line spacing
) (/usr/local/texlive/2018/texmf-dist/tex/latex/base/fontenc.sty
Package: fontenc 2017/04/05 v2.0i Standard LaTeX package
 (/usr/local/texlive/2018/texmf-dist/tex/latex/base/t1enc.def
File: t1enc.def 2017/04/05 v2.0i Standard LaTeX file
LaTeX Font Info:    Redeclaring font encoding T1 on input line 48.
)) (/usr/local/texlive/2018/texmf-dist/tex/latex/psnfss/times.sty
Package: times 2005/04/12 PSNFSS-v9.2a (SPQR) 
) (/usr/local/texlive/2018/texmf-dist/tex/latex/graphics/graphicx.sty
Package: graphicx 2017/06/01 v1.1a Enhanced LaTeX Graphics (DPC,SPQR)
 (/usr/local/texlive/2018/texmf-dist/tex/latex/graphics/keyval.sty
Package: keyval 2014/10/28 v1.15 key=value parser (DPC)
\KV@toks@=\toks14
) (/usr/local/texlive/2018/texmf-dist/tex/latex/graphics/graphics.sty
Package: graphics 2017/06/25 v1.2c Standard LaTeX Graphics (DPC,SPQR)
 (/usr/local/texlive/2018/texmf-dist/tex/latex/graphics/trig.sty
Package: trig 2016/01/03 v1.10 sin cos tan (DPC)
) (/usr/local/texlive/2018/texmf-dist/tex/latex/graphics-cfg/graphics.cfg
File: graphics.cfg 2016/06/04 v1.11 sample graphics configuration
)
Package graphics Info: Driver file: pdftex.def on input line 99.
 (/usr/local/texlive/2018/texmf-dist/tex/latex/graphics-def/pdftex.def
File: pdftex.def 2018/01/08 v1.0l Graphics/color driver for pdftex
))
\Gin@req@height=\dimen103
\Gin@req@width=\dimen104
) (/usr/local/texlive/2018/texmf-dist/tex/latex/base/latexsym.sty
Package: latexsym 1998/08/17 v2.2e Standard LaTeX package (lasy symbols)
\symlasy=\mathgroup4
LaTeX Font Info:    Overwriting symbol font `lasy' in version `bold'
(Font)                  U/lasy/m/n --> U/lasy/b/n on input line 52.
) (/usr/local/texlive/2018/texmf-dist/tex/latex/supertabular/supertabular.sty
Package: supertabular 2004/02/20 v4.1e the supertabular environment
\c@tracingst=\count82
\ST@wd=\dimen105
\ST@rightskip=\skip41
\ST@leftskip=\skip42
\ST@parfillskip=\skip43
\ST@pageleft=\dimen106
\ST@headht=\dimen107
\ST@tailht=\dimen108
\ST@pagesofar=\dimen109
\ST@pboxht=\dimen110
\ST@lineht=\dimen111
\ST@stretchht=\dimen112
\ST@prevht=\dimen113
\ST@toadd=\dimen114
\ST@dimen=\dimen115
\ST@pbox=\box26
) (/usr/local/texlive/2018/texmf-dist/tex/latex/multirow/multirow.sty
Package: multirow 2016/11/25 v2.2 Span multiple rows of a table
\multirow@colwidth=\skip44
\multirow@cntb=\count83
\multirow@dima=\skip45
\bigstrutjot=\dimen116
) (/usr/local/texlive/2018/texmf-dist/tex/latex/graphics/rotating.sty
Package: rotating 2016/08/11 v2.16d rotated objects in LaTeX
 (/usr/local/texlive/2018/texmf-dist/tex/latex/base/ifthen.sty
Package: ifthen 2014/09/29 v1.1c Standard LaTeX ifthen package (DPC)
)
\c@r@tfl@t=\count84
\rotFPtop=\skip46
\rotFPbot=\skip47
\rot@float@box=\box27
\rot@mess@toks=\toks15
) (/usr/local/texlive/2018/texmf-dist/tex/latex/base/report.cls
Document Class: report 2014/09/29 v1.4h Standard LaTeX document class
(/usr/local/texlive/2018/texmf-dist/tex/latex/base/size12.clo
File: size12.clo 2014/09/29 v1.4h Standard LaTeX file (size option)
)
\c@part=\count85
\c@chapter=\count86
\c@section=\count87
\c@subsection=\count88
\c@subsubsection=\count89
\c@paragraph=\count90
\c@subparagraph=\count91
\c@figure=\count92
\c@table=\count93
\abovecaptionskip=\skip48
\belowcaptionskip=\skip49
\bibindent=\dimen117
) (/usr/local/texlive/2018/texmf-dist/tex/latex/appendix/appendix.sty
Package: appendix 2009/09/02 v1.2b extra appendix facilities
\c@@pps=\count94
\c@@ppsavesec=\count95
\c@@ppsaveapp=\count96
) (/usr/local/texlive/2018/texmf-dist/tex/latex/nomencl/nomencl.sty
Package: nomencl 2005/09/22 v4.2 Nomenclature package (LN)
\nomlabelwidth=\dimen118
\nom@tempdim=\dimen119
\nomitemsep=\skip50
)
\@nomenclaturefile=\write3
\openout3 = `skripsi.nlo'.


Writing nomenclature file skripsi.nlo
(/usr/local/texlive/2018/texmf-dist/tex/latex/tocloft/tocloft.sty
Package: tocloft 2017/08/31 v2.3i parameterised ToC, etc., typesetting
Package tocloft Info: The document has chapter divisions on input line 51.
\cftparskip=\skip51
\cftbeforetoctitleskip=\skip52
\cftaftertoctitleskip=\skip53
\cftbeforepartskip=\skip54
\cftpartnumwidth=\skip55
\cftpartindent=\skip56
\cftbeforechapskip=\skip57
\cftchapindent=\skip58
\cftchapnumwidth=\skip59
\cftbeforesecskip=\skip60
\cftsecindent=\skip61
\cftsecnumwidth=\skip62
\cftbeforesubsecskip=\skip63
\cftsubsecindent=\skip64
\cftsubsecnumwidth=\skip65
\cftbeforesubsubsecskip=\skip66
\cftsubsubsecindent=\skip67
\cftsubsubsecnumwidth=\skip68
\cftbeforeparaskip=\skip69
\cftparaindent=\skip70
\cftparanumwidth=\skip71
\cftbeforesubparaskip=\skip72
\cftsubparaindent=\skip73
\cftsubparanumwidth=\skip74
\cftbeforeloftitleskip=\skip75
\cftafterloftitleskip=\skip76
\cftbeforefigskip=\skip77
\cftfigindent=\skip78
\cftfignumwidth=\skip79
\cftbeforelottitleskip=\skip80
\cftafterlottitleskip=\skip81
\cftbeforetabskip=\skip82
\cfttabindent=\skip83
\cfttabnumwidth=\skip84
\cftbeforesubfigskip=\skip85
\cftsubfigindent=\skip86
\cftsubfignumwidth=\skip87
\cftbeforesubtabskip=\skip88
\cftsubtabindent=\skip89
\cftsubtabnumwidth=\skip90
)
\lebar=\skip91
 (/usr/local/texlive/2018/texmf-dist/tex/latex/enumitem/enumitem.sty
Package: enumitem 2011/09/28 v3.5.2 Customized lists
\labelindent=\skip92
\enit@outerparindent=\dimen120
\enit@toks=\toks16
\enit@inbox=\box28
\enitdp@description=\count97
) (/usr/local/texlive/2018/texmf-dist/tex/latex/caption/caption.sty
Package: caption 2016/02/21 v3.3-144 Customizing captions (AR)
 (/usr/local/texlive/2018/texmf-dist/tex/latex/caption/caption3.sty
Package: caption3 2016/05/22 v1.7-166 caption3 kernel (AR)
Package caption3 Info: TeX engine: e-TeX on input line 67.
\captionmargin=\dimen121
\captionmargin@=\dimen122
\captionwidth=\dimen123
\caption@tempdima=\dimen124
\caption@indent=\dimen125
\caption@parindent=\dimen126
\caption@hangindent=\dimen127
)
\c@ContinuedFloat=\count98
Package caption Info: rotating package is loaded.
Package caption Info: supertabular package is loaded.
) (/usr/local/texlive/2018/texmf-dist/tex/latex/graphics/color.sty
Package: color 2016/07/10 v1.1e Standard LaTeX Color (DPC)
 (/usr/local/texlive/2018/texmf-dist/tex/latex/graphics-cfg/color.cfg
File: color.cfg 2016/01/02 v1.6 sample color configuration
)
Package color Info: Driver file: pdftex.def on input line 147.
) (/usr/local/texlive/2018/texmf-dist/tex/latex/listings/listings.sty
\lst@mode=\count99
\lst@gtempboxa=\box29
\lst@token=\toks17
\lst@length=\count100
\lst@currlwidth=\dimen128
\lst@column=\count101
\lst@pos=\count102
\lst@lostspace=\dimen129
\lst@width=\dimen130
\lst@newlines=\count103
\lst@lineno=\count104
\lst@maxwidth=\dimen131
 (/usr/local/texlive/2018/texmf-dist/tex/latex/listings/lstmisc.sty
File: lstmisc.sty 2015/06/04 1.6 (Carsten Heinz)
\c@lstnumber=\count105
\lst@skipnumbers=\count106
\lst@framebox=\box30
) (/usr/local/texlive/2018/texmf-dist/tex/latex/listings/listings.cfg
File: listings.cfg 2015/06/04 1.6 listings configuration
))
Package: listings 2015/06/04 1.6 (Carsten Heinz)
 (/usr/local/texlive/2018/texmf-dist/tex/latex/subfigure/subfigure.sty
Package: subfigure 2002/03/15 v2.1.5 subfigure package
\subfigtopskip=\skip93
\subfigcapskip=\skip94
\subfigcaptopadj=\dimen132
\subfigbottomskip=\skip95
\subfigcapmargin=\dimen133
\subfiglabelskip=\skip96
\c@subfigure=\count107
\c@lofdepth=\count108
\c@subtable=\count109
\c@lotdepth=\count110

****************************************
* Local config file subfigure.cfg used *
****************************************
(/usr/local/texlive/2018/texmf-dist/tex/latex/subfigure/subfigure.cfg)
\subfig@top=\skip97
\subfig@bottom=\skip98
) (/usr/local/texlive/2018/texmf-dist/tex/latex/url/url.sty
\Urlmuskip=\muskip10
Package: url 2013/09/16  ver 3.4  Verb mode for urls, etc.
)) (./packages.tex (/usr/local/texlive/2018/texmf-dist/tex/latex/amsmath/amsmath.sty
Package: amsmath 2017/09/02 v2.17a AMS math features
\@mathmargin=\skip99

For additional information on amsmath, use the `?' option.
(/usr/local/texlive/2018/texmf-dist/tex/latex/amsmath/amstext.sty
Package: amstext 2000/06/29 v2.01 AMS text
 (/usr/local/texlive/2018/texmf-dist/tex/latex/amsmath/amsgen.sty
File: amsgen.sty 1999/11/30 v2.0 generic functions
\@emptytoks=\toks18
\ex@=\dimen134
)) (/usr/local/texlive/2018/texmf-dist/tex/latex/amsmath/amsbsy.sty
Package: amsbsy 1999/11/29 v1.2d Bold Symbols
\pmbraise@=\dimen135
) (/usr/local/texlive/2018/texmf-dist/tex/latex/amsmath/amsopn.sty
Package: amsopn 2016/03/08 v2.02 operator names
)
\inf@bad=\count111
LaTeX Info: Redefining \frac on input line 213.
\uproot@=\count112
\leftroot@=\count113
LaTeX Info: Redefining \overline on input line 375.
\classnum@=\count114
\DOTSCASE@=\count115
LaTeX Info: Redefining \ldots on input line 472.
LaTeX Info: Redefining \dots on input line 475.
LaTeX Info: Redefining \cdots on input line 596.
\Mathstrutbox@=\box31
\strutbox@=\box32
\big@size=\dimen136
LaTeX Font Info:    Redeclaring font encoding OML on input line 712.
LaTeX Font Info:    Redeclaring font encoding OMS on input line 713.
\macc@depth=\count116
\c@MaxMatrixCols=\count117
\dotsspace@=\muskip11
\c@parentequation=\count118
\dspbrk@lvl=\count119
\tag@help=\toks19
\row@=\count120
\column@=\count121
\maxfields@=\count122
\andhelp@=\toks20
\eqnshift@=\dimen137
\alignsep@=\dimen138
\tagshift@=\dimen139
\tagwidth@=\dimen140
\totwidth@=\dimen141
\lineht@=\dimen142
\@envbody=\toks21
\multlinegap=\skip100
\multlinetaggap=\skip101
\mathdisplay@stack=\toks22
LaTeX Info: Redefining \[ on input line 2817.
LaTeX Info: Redefining \] on input line 2818.
) (/usr/local/texlive/2018/texmf-dist/tex/latex/amsfonts/amssymb.sty
Package: amssymb 2013/01/14 v3.01 AMS font symbols
 (/usr/local/texlive/2018/texmf-dist/tex/latex/amsfonts/amsfonts.sty
Package: amsfonts 2013/01/14 v3.01 Basic AMSFonts support
\symAMSa=\mathgroup5
\symAMSb=\mathgroup6
LaTeX Font Info:    Overwriting math alphabet `\mathfrak' in version `bold'
(Font)                  U/euf/m/n --> U/euf/b/n on input line 106.
)) (/usr/local/texlive/2018/texmf-dist/tex/latex/amsmath/amscd.sty
Package: amscd 2017/04/14 v2.1 AMS Commutative Diagrams
\athelp@=\toks23
\minaw@=\dimen143
\bigaw@=\dimen144
\minCDarrowwidth=\dimen145
) (/usr/local/texlive/2018/texmf-dist/tex/latex/lipsum/lipsum.sty
Package: lipsum 2014/07/27 v1.3 150 paragraphs of Lorem Ipsum dummy text
\c@lips@count=\count123
)) (./data_skripsi.tex) (/Users/alex/Google Drive/00-Work/00-JTF/00-Kaprodi TN/Template Skripsi Latex - DTNTF/Template Skripsi Latex -v2.1 - 2018/.texpadtmp/skripsi.aux)
\openout1 = `skripsi.aux'.

LaTeX Font Info:    Checking defaults for OML/cmm/m/it on input line 5.
LaTeX Font Info:    ... okay on input line 5.
LaTeX Font Info:    Checking defaults for T1/cmr/m/n on input line 5.
LaTeX Font Info:    ... okay on input line 5.
LaTeX Font Info:    Checking defaults for OT1/cmr/m/n on input line 5.
LaTeX Font Info:    ... okay on input line 5.
LaTeX Font Info:    Checking defaults for OMS/cmsy/m/n on input line 5.
LaTeX Font Info:    ... okay on input line 5.
LaTeX Font Info:    Checking defaults for OMX/cmex/m/n on input line 5.
LaTeX Font Info:    ... okay on input line 5.
LaTeX Font Info:    Checking defaults for U/cmr/m/n on input line 5.
LaTeX Font Info:    ... okay on input line 5.
LaTeX Font Info:    Try loading font information for T1+ptm on input line 5.
 (/usr/local/texlive/2018/texmf-dist/tex/latex/psnfss/t1ptm.fd
File: t1ptm.fd 2001/06/04 font definitions for T1/ptm.
) (/usr/local/texlive/2018/texmf-dist/tex/context/base/mkii/supp-pdf.mkii
[Loading MPS to PDF converter (version 2006.09.02).]
\scratchcounter=\count124
\scratchdimen=\dimen146
\scratchbox=\box33
\nofMPsegments=\count125
\nofMParguments=\count126
\everyMPshowfont=\toks24
\MPscratchCnt=\count127
\MPscratchDim=\dimen147
\MPnumerator=\count128
\makeMPintoPDFobject=\count129
\everyMPtoPDFconversion=\toks25
) (/usr/local/texlive/2018/texmf-dist/tex/latex/oberdiek/epstopdf-base.sty
Package: epstopdf-base 2016/05/15 v2.6 Base part for package epstopdf
 (/usr/local/texlive/2018/texmf-dist/tex/generic/oberdiek/infwarerr.sty
Package: infwarerr 2016/05/16 v1.4 Providing info/warning/error messages (HO)
) (/usr/local/texlive/2018/texmf-dist/tex/latex/oberdiek/grfext.sty
Package: grfext 2016/05/16 v1.2 Manage graphics extensions (HO)
 (/usr/local/texlive/2018/texmf-dist/tex/generic/oberdiek/kvdefinekeys.sty
Package: kvdefinekeys 2016/05/16 v1.4 Define keys (HO)
 (/usr/local/texlive/2018/texmf-dist/tex/generic/oberdiek/ltxcmds.sty
Package: ltxcmds 2016/05/16 v1.23 LaTeX kernel commands for general use (HO)
))) (/usr/local/texlive/2018/texmf-dist/tex/latex/oberdiek/kvoptions.sty
Package: kvoptions 2016/05/16 v3.12 Key value format for package options (HO)
 (/usr/local/texlive/2018/texmf-dist/tex/generic/oberdiek/kvsetkeys.sty
Package: kvsetkeys 2016/05/16 v1.17 Key value parser (HO)
 (/usr/local/texlive/2018/texmf-dist/tex/generic/oberdiek/etexcmds.sty
Package: etexcmds 2016/05/16 v1.6 Avoid name clashes with e-TeX commands (HO)
 (/usr/local/texlive/2018/texmf-dist/tex/generic/oberdiek/ifluatex.sty
Package: ifluatex 2016/05/16 v1.4 Provides the ifluatex switch (HO)
Package ifluatex Info: LuaTeX not detected.
)
Package etexcmds Info: Could not find \expanded.
(etexcmds)             That can mean that you are not using pdfTeX 1.50 or
(etexcmds)             that some package has redefined \expanded.
(etexcmds)             In the latter case, load this package earlier.
))) (/usr/local/texlive/2018/texmf-dist/tex/generic/oberdiek/pdftexcmds.sty
Package: pdftexcmds 2018/01/30 v0.27 Utility functions of pdfTeX for LuaTeX (HO)
 (/usr/local/texlive/2018/texmf-dist/tex/generic/oberdiek/ifpdf.sty
Package: ifpdf 2017/03/15 v3.2 Provides the ifpdf switch
)
Package pdftexcmds Info: LuaTeX not detected.
Package pdftexcmds Info: \pdf@primitive is available.
Package pdftexcmds Info: \pdf@ifprimitive is available.
Package pdftexcmds Info: \pdfdraftmode found.
)
Package epstopdf-base Info: Redefining graphics rule for `.eps' on input line 438.
Package grfext Info: Graphics extension search list:
(grfext)             [.pdf,.png,.jpg,.mps,.jpeg,.jbig2,.jb2,.PDF,.PNG,.JPG,.JPEG,.JBIG2,.JB2,.eps]
(grfext)             \AppendGraphicsExtensions on input line 456.
 (/usr/local/texlive/2018/texmf-dist/tex/latex/latexconfig/epstopdf-sys.cfg
File: epstopdf-sys.cfg 2010/07/13 v1.3 Configuration of (r)epstopdf for TeX Live
))
Package caption Info: Begin \AtBeginDocument code.
Package caption Info: listings package is loaded.
Package caption Info: subfigure package is loaded.
Package caption Info: End \AtBeginDocument code.
\c@lstlisting=\count130
 (./muka_skripsi.tex
LaTeX Font Info:    Font shape `T1/ptm/bx/n' in size <14.4> not available
(Font)              Font shape `T1/ptm/b/n' tried instead on input line 2.
LaTeX Font Info:    Font shape `T1/ptm/bx/n' in size <12> not available
(Font)              Font shape `T1/ptm/b/n' tried instead on input line 2.
<logoUGM.jpg, id=1, 297.7524pt x 302.0886pt>
File: logoUGM.jpg Graphic file (type jpg)
<use logoUGM.jpg>
Package pdftex.def Info: logoUGM.jpg  used on input line 2.
(pdftex.def)             Requested size: 156.49014pt x 158.76942pt.
 [1

{/usr/local/texlive/2018/texmf-var/fonts/map/pdftex/updmap/pdftex.map} <./logoUGM.jpg>]
LaTeX Font Info:    Try loading font information for U+lasy on input line 3.
 (/usr/local/texlive/2018/texmf-dist/tex/latex/base/ulasy.fd
File: ulasy.fd 1998/08/17 v2.2e LaTeX symbol font definitions
)
LaTeX Font Info:    Try loading font information for U+msa on input line 3.
 (/usr/local/texlive/2018/texmf-dist/tex/latex/amsfonts/umsa.fd
File: umsa.fd 2013/01/14 v3.01 AMS symbols A
)
LaTeX Font Info:    Try loading font information for U+msb on input line 3.
 (/usr/local/texlive/2018/texmf-dist/tex/latex/amsfonts/umsb.fd
File: umsb.fd 2013/01/14 v3.01 AMS symbols B
)
Overfull \hbox (8.64542pt too wide) in paragraph at lines 3--3
[][] 
 []

[2]
Overfull \hbox (21.25395pt too wide) in paragraph at lines 4--4
 [][] 
 []

[3]
Overfull \hbox (48.3696pt too wide) in paragraph at lines 5--5
 []$[]$ 
 []


Overfull \hbox (13.2377pt too wide) in paragraph at lines 5--5
 [][] 
 []


Overfull \hbox (33.28932pt too wide) in paragraph at lines 5--5
 [][] 
 []

[4] (./persembahan.tex) [5

] (./motto.tex) [6

] (./prakata.tex
Underfull \hbox (badness 10000) in paragraph at lines 1--7

 []

) [7

] (/Users/alex/Google Drive/00-Work/00-JTF/00-Kaprodi TN/Template Skripsi Latex - DTNTF/Template Skripsi Latex -v2.1 - 2018/.texpadtmp/skripsi.toc [8

] [9]
LaTeX Font Info:    Font shape `T1/ptm/bx/n' in size <8> not available
(Font)              Font shape `T1/ptm/b/n' tried instead on input line 49.
)
\tf@toc=\write4
\openout4 = `skripsi.toc'.

 [10] (/Users/alex/Google Drive/00-Work/00-JTF/00-Kaprodi TN/Template Skripsi Latex - DTNTF/Template Skripsi Latex -v2.1 - 2018/.texpadtmp/skripsi.lot)
\tf@lot=\write5
\openout5 = `skripsi.lot'.

 [11

] (/Users/alex/Google Drive/00-Work/00-JTF/00-Kaprodi TN/Template Skripsi Latex - DTNTF/Template Skripsi Latex -v2.1 - 2018/.texpadtmp/skripsi.lof)
\tf@lof=\write6
\openout6 = `skripsi.lof'.

 [12

] (/Users/alex/Google Drive/00-Work/00-JTF/00-Kaprodi TN/Template Skripsi Latex - DTNTF/Template Skripsi Latex -v2.1 - 2018/.texpadtmp/skripsi.nls [13


]) (./lambang.tex) [14] (./abstrakind.tex) [15

] (./abstrakeng.tex) [16

]) (./Bab1.tex
BAB I.

Overfull \hbox (5.42763pt too wide) in paragraph at lines 4--5
[]\T1/ptm/m/n/12 Berisi ura-i-an ten-tang gam-bar-an per-ma-sa-la-ha-n/ke-bu-tuh-an dan hal-hal yang men-
 []

[1


]) (./Bab2.tex [2]
BAB II.
LaTeX Font Info:    Try loading font information for OMS+ptm on input line 8.
(/usr/local/texlive/2018/texmf-dist/tex/latex/psnfss/omsptm.fd
File: omsptm.fd 
)
LaTeX Font Info:    Font shape `OMS/ptm/m/n' in size <12> not available
(Font)              Font shape `OMS/cmsy/m/n' tried instead on input line 8.

Overfull \hbox (12.47739pt too wide) in paragraph at lines 9--10
[]\T1/ptm/m/n/12 apa-apa yang per-lu di-te-li-ti le-bih lan-jut: (1) ka-re-na ada-nya pembatasan-pembatasan
 []

) (./Bab3.tex [3

] [4]
BAB III.
<teori.pdf, id=75, 339.22704pt x 272.2555pt>
File: teori.pdf Graphic file (type pdf)
<use teori.pdf>
Package pdftex.def Info: teori.pdf  used on input line 11.
(pdftex.def)             Requested size: 305.15585pt x 244.91551pt.
[5

 <./teori.pdf>]
Overfull \hbox (7.594pt too wide) in paragraph at lines 30--31
[]\T1/ptm/m/n/12 Menganalisis obyek pe-ne-li-ti-an se-ca-ra te-o-ri-tik de-ngan me-ne-rapk-an hukum-hukum
 []


Overfull \hbox (7.46074pt too wide) in paragraph at lines 30--31
\T1/ptm/m/n/12 di-se-le-sa-ik-an se-ca-ra sis-te-ma-tis se-hing-ga tu-ju-an pe-ne-li-ti-an da-pat di-ca-pai. Langkah-
 []

LaTeX Font Info:    Font shape `T1/ptm/bx/it' in size <12> not available
(Font)              Font shape `T1/ptm/b/it' tried instead on input line 36.
[6] [7]) (./Bab4.tex [8]
BAB IV.
[9

]) (./Bab5.tex [10]
BAB V.

Overfull \hbox (22.83994pt too wide) in paragraph at lines 8--9
[]\T1/ptm/m/n/12 Pembahasan meng-ung-kapk-an atau men-je-lask-an atau meng-u-ra-ik-an de-ngan panjang-
 []

File: logoUGM.jpg Graphic file (type jpg)
<use logoUGM.jpg>
Package pdftex.def Info: logoUGM.jpg  used on input line 33.
(pdftex.def)             Requested size: 142.26378pt x 144.33249pt.
[11

] [12] [13]
Overfull \hbox (18.68974pt too wide) in paragraph at lines 122--126
\T1/ptm/m/n/12 Nama Pe-nu-li-sa. \T1/ptm/m/it/12 Ju-dul Bu-ku\T1/ptm/m/n/12 . Na-ma Pe-ner-bit, Ko-ta pe-ner-bit, ta-hun_penerbitan. 
 []

[14]
Underfull \hbox (badness 10000) in paragraph at lines 164--168

 []

[15] [16]) (./Bab6.tex [17]
BAB VI.
) (/Users/alex/Google Drive/00-Work/00-JTF/00-Kaprodi TN/Template Skripsi Latex - DTNTF/Template Skripsi Latex -v2.1 - 2018/.texpadtmp/skripsi.bbl [18

] [19

]) [20]
LaTeX Font Info:    Font shape `T1/ptm/bx/n' in size <24.88> not available
(Font)              Font shape `T1/ptm/b/n' tried instead on input line 25.
 [21

] (./app1.tex
LAMPIRAN A.
File: logoUGM.jpg Graphic file (type jpg)
<use logoUGM.jpg>
Package pdftex.def Info: logoUGM.jpg  used on input line 11.
(pdftex.def)             Requested size: 142.26378pt x 144.33249pt.
[22

] [23]) (./app2.tex [24]
LAMPIRAN B.
(/usr/local/texlive/2018/texmf-dist/tex/latex/listings/lstlang1.sty
File: lstlang1.sty 2015/06/04 1.6 listings language file
) (/usr/local/texlive/2018/texmf-dist/tex/latex/listings/lstlang1.sty
File: lstlang1.sty 2015/06/04 1.6 listings language file
) (/usr/local/texlive/2018/texmf-dist/tex/latex/listings/lstlang1.sty
File: lstlang1.sty 2015/06/04 1.6 listings language file
)
LaTeX Font Info:    Font shape `T1/ptm/bx/n' in size <10> not available
(Font)              Font shape `T1/ptm/b/n' tried instead on input line 20.
 [25

]
LaTeX Font Info:    Font shape `OMS/ptm/m/n' in size <10> not available
(Font)              Font shape `OMS/cmsy/m/n' tried instead on input line 85.
) (./app3.tex [26]
LAMPIRAN C.
[27

]
LaTeX Font Info:    Try loading font information for T1+pcr on input line 35.
 (/usr/local/texlive/2018/texmf-dist/tex/latex/psnfss/t1pcr.fd
File: t1pcr.fd 2001/06/04 font definitions for T1/pcr.
)
Overfull \hbox (32.12271pt too wide) in paragraph at lines 36--37
\T1/ptm/m/n/12 bah-an bo-leh ti-dak ada. Ji-ka de-mi-ki-an, be-ri com-ment pa-da fi-le \T1/pcr/m/n/12 muka_skripsi.tex\T1/ptm/m/n/12 . 
 []

[28]) [29] (/Users/alex/Google Drive/00-Work/00-JTF/00-Kaprodi TN/Template Skripsi Latex - DTNTF/Template Skripsi Latex -v2.1 - 2018/.texpadtmp/skripsi.aux) ) 
Here is how much of TeX's memory you used:
 7938 strings out of 492649
 113448 string characters out of 6129622
 343570 words of memory out of 5000000
 11562 multiletter control sequences out of 15000+600000
 54910 words of font info for 91 fonts, out of 8000000 for 9000
 1141 hyphenation exceptions out of 8191
 43i,11n,58p,539b,1876s stack positions out of 5000i,500n,10000p,200000b,80000s
{/usr/local/texlive/2018/texmf-dist/fonts/enc/dvips/base/8r.enc}</usr/local/texlive/2018/texmf-dist/fonts/type1/public/amsfonts/cm/cmbx12.pfb></usr/local/texlive/2018/texmf-dist/fonts/type1/public/amsfonts/cm/cmmi12.pfb></usr/local/texlive/2018/texmf-dist/fonts/type1/public/amsfonts/cm/cmmi8.pfb></usr/local/texlive/2018/texmf-dist/fonts/type1/public/amsfonts/cm/cmr12.pfb></usr/local/texlive/2018/texmf-dist/fonts/type1/public/amsfonts/cm/cmr8.pfb></usr/local/texlive/2018/texmf-dist/fonts/type1/public/amsfonts/cm/cmsy10.pfb></usr/local/texlive/2018/texmf-dist/fonts/type1/public/amsfonts/cm/cmsy8.pfb></usr/local/texlive/2018/texmf-dist/fonts/type1/urw/courier/ucrr8a.pfb></usr/local/texlive/2018/texmf-dist/fonts/type1/urw/times/utmb8a.pfb></usr/local/texlive/2018/texmf-dist/fonts/type1/urw/times/utmbi8a.pfb></usr/local/texlive/2018/texmf-dist/fonts/type1/urw/times/utmr8a.pfb></usr/local/texlive/2018/texmf-dist/fonts/type1/urw/times/utmri8a.pfb>
Output written on "/Users/alex/Google Drive/00-Work/00-JTF/00-Kaprodi TN/Template Skripsi Latex - DTNTF/Template Skripsi Latex -v2.1 - 2018/.texpadtmp/skripsi.pdf" (45 pages, 410255 bytes).
PDF statistics:
 236 PDF objects out of 1000 (max. 8388607)
 163 compressed objects within 2 object streams
 0 named destinations out of 1000 (max. 500000)
 11 words of extra memory for PDF output out of 10000 (max. 10000000)

